module.js:338
    throw err;
          ^
Error: Cannot find module 'multiparty'
    at Function.Module._resolveFilename (module.js:336:15)
    at Function.Module._load (module.js:278:25)
    at Module.require (module.js:365:17)
    at require (module.js:384:17)
    at Object.<anonymous> (/home/ec2-user/express/xprs.js:1:80)
    at Module._compile (module.js:460:26)
    at Object.Module._extensions..js (module.js:478:10)
    at Module.load (module.js:355:32)
    at Function.Module._load (module.js:310:12)
    at Function.Module.runMain (module.js:501:10)
Iconv-lite warning: decode()-ing strings is deprecated. Refer to https://github.com/ashtuchkin/iconv-lite/wiki/Use-Buffers-when-decoding
Iconv-lite warning: decode()-ing strings is deprecated. Refer to https://github.com/ashtuchkin/iconv-lite/wiki/Use-Buffers-when-decoding
Iconv-lite warning: decode()-ing strings is deprecated. Refer to https://github.com/ashtuchkin/iconv-lite/wiki/Use-Buffers-when-decoding
events.js:85
      throw er; // Unhandled 'error' event
            ^
Error: Request aborted
    at IncomingMessage.onReqAborted (/home/ec2-user/express/node_modules/multiparty/index.js:183:17)
    at IncomingMessage.emit (events.js:104:17)
    at abortIncoming (_http_server.js:279:11)
    at Socket.serverSocketCloseListener (_http_server.js:292:5)
    at Socket.emit (events.js:129:20)
    at TCP.close (net.js:485:12)
Iconv-lite warning: decode()-ing strings is deprecated. Refer to https://github.com/ashtuchkin/iconv-lite/wiki/Use-Buffers-when-decoding
Iconv-lite warning: decode()-ing strings is deprecated. Refer to https://github.com/ashtuchkin/iconv-lite/wiki/Use-Buffers-when-decoding
RangeNotSatisfiableError: Range Not Satisfiable
    at SendStream.error (/home/ec2-user/express/node_modules/express/node_modules/send/index.js:245:31)
    at SendStream.send (/home/ec2-user/express/node_modules/express/node_modules/send/index.js:564:19)
    at /home/ec2-user/express/node_modules/express/node_modules/send/index.js:669:12
    at FSReqWrap.oncomplete (fs.js:95:15)
Iconv-lite warning: decode()-ing strings is deprecated. Refer to https://github.com/ashtuchkin/iconv-lite/wiki/Use-Buffers-when-decoding
RangeNotSatisfiableError: Range Not Satisfiable
    at SendStream.error (/home/ec2-user/express/node_modules/express/node_modules/send/index.js:245:31)
    at SendStream.send (/home/ec2-user/express/node_modules/express/node_modules/send/index.js:564:19)
    at /home/ec2-user/express/node_modules/express/node_modules/send/index.js:669:12
    at FSReqWrap.oncomplete (fs.js:95:15)
RangeNotSatisfiableError: Range Not Satisfiable
    at SendStream.error (/home/ec2-user/express/node_modules/express/node_modules/send/index.js:245:31)
    at SendStream.send (/home/ec2-user/express/node_modules/express/node_modules/send/index.js:564:19)
    at /home/ec2-user/express/node_modules/express/node_modules/send/index.js:669:12
    at FSReqWrap.oncomplete (fs.js:95:15)
Error: Can't set headers after they are sent.
    at SendStream.headersAlreadySent (/home/ec2-user/express/node_modules/express/node_modules/send/index.js:326:13)
    at SendStream.send (/home/ec2-user/express/node_modules/express/node_modules/send/index.js:525:17)
    at onstat (/home/ec2-user/express/node_modules/express/node_modules/send/index.js:624:10)
    at FSReqWrap.oncomplete (fs.js:95:15)
RangeNotSatisfiableError: Range Not Satisfiable
    at SendStream.error (/home/ec2-user/express/node_modules/express/node_modules/send/index.js:245:31)
    at SendStream.send (/home/ec2-user/express/node_modules/express/node_modules/send/index.js:564:19)
    at /home/ec2-user/express/node_modules/express/node_modules/send/index.js:669:12
    at FSReqWrap.oncomplete (fs.js:95:15)
