Express App listening on port: 3000
Express App listening on port: 3000
request started
field identified
part received
file part processed
field identified
Upload completed!
Hash Complete
Database Updated
Main Query Started
JSON saved to ./public/json/MainData.json
Main Callback Reached
All Done!
JSON saved to ./public/json/SortedData.json
Final Callback Reached!
request started
field identified
part received
file part processed
field identified
Upload completed!
Hash Complete
Database Updated
Main Query Started
JSON saved to ./public/json/MainData.json
Main Callback Reached
All Done!
JSON saved to ./public/json/SortedData.json
Final Callback Reached!
request started
field identified
part received
file part processed
field identified
Upload completed!
Hash Complete
Database Updated
Main Query Started
JSON saved to ./public/json/MainData.json
Main Callback Reached
All Done!
JSON saved to ./public/json/SortedData.json
Final Callback Reached!
request started
field identified
part received
file part processed
field identified
Upload completed!
Hash Complete
Database Updated
Main Query Started
JSON saved to ./public/json/MainData.json
Main Callback Reached
All Done!
JSON saved to ./public/json/SortedData.json
Final Callback Reached!
request started
field identified
part received
file part processed
field identified
Upload completed!
Hash Complete
Database Updated
Main Query Started
JSON saved to ./public/json/MainData.json
Main Callback Reached
All Done!
JSON saved to ./public/json/SortedData.json
Final Callback Reached!
request started
field identified
part received
file part processed
field identified
Upload completed!
Hash Complete
Database Updated
Main Query Started
JSON saved to ./public/json/MainData.json
Main Callback Reached
All Done!
JSON saved to ./public/json/SortedData.json
Final Callback Reached!
request started
field identified
part received
file part processed
field identified
Upload completed!
Hash Complete
Database Updated
Main Query Started
JSON saved to ./public/json/MainData.json
Main Callback Reached
All Done!
JSON saved to ./public/json/SortedData.json
Final Callback Reached!
request started
field identified
part received
file part processed
field identified
Upload completed!
Hash Complete
Database Updated
Main Query Started
JSON saved to ./public/json/MainData.json
Main Callback Reached
All Done!
JSON saved to ./public/json/SortedData.json
Final Callback Reached!
request started
field identified
part received
file part processed
field identified
Upload completed!
Hash Complete
Database Updated
Main Query Started
JSON saved to ./public/json/MainData.json
Main Callback Reached
All Done!
JSON saved to ./public/json/SortedData.json
Final Callback Reached!
request started
field identified
part received
file part processed
field identified
Upload completed!
Hash Complete
Database Updated
Main Query Started
JSON saved to ./public/json/MainData.json
Main Callback Reached
All Done!
JSON saved to ./public/json/SortedData.json
Final Callback Reached!
request started
field identified
part received
file part processed
field identified
Upload completed!
Hash Complete
Database Updated
Main Query Started
JSON saved to ./public/json/MainData.json
Main Callback Reached
All Done!
JSON saved to ./public/json/SortedData.json
Final Callback Reached!
request started
field identified
part received
file part processed
field identified
Upload completed!
Hash Complete
Database Updated
Main Query Started
JSON saved to ./public/json/MainData.json
Main Callback Reached
All Done!
JSON saved to ./public/json/SortedData.json
Final Callback Reached!
request started
field identified
part received
file part processed
field identified
Upload completed!
Hash Complete
Database Updated
Main Query Started
JSON saved to ./public/json/MainData.json
Main Callback Reached
All Done!
JSON saved to ./public/json/SortedData.json
Final Callback Reached!
request started
field identified
part received
file part processed
field identified
Upload completed!
Hash Complete
Database Updated
Main Query Started
JSON saved to ./public/json/MainData.json
Main Callback Reached
All Done!
JSON saved to ./public/json/SortedData.json
Final Callback Reached!
request started
field identified
part received
file part processed
field identified
Upload completed!
Hash Complete
Database Updated
Main Query Started
JSON saved to ./public/json/MainData.json
Main Callback Reached
All Done!
JSON saved to ./public/json/SortedData.json
Final Callback Reached!
request started
field identified
part received
file part processed
field identified
Upload completed!
Hash Complete
Database Updated
Main Query Started
All Done!
JSON saved to ./public/json/SortedData.json
Final Callback Reached!
JSON saved to ./public/json/MainData.json
Main Callback Reached
request started
field identified
part received
file part processed
field identified
Upload completed!
Hash Complete
Database Updated
Main Query Started
JSON saved to ./public/json/MainData.json
Main Callback Reached
All Done!
JSON saved to ./public/json/SortedData.json
Final Callback Reached!
request started
field identified
part received
file part processed
field identified
Upload completed!
Hash Complete
Database Updated
Main Query Started
JSON saved to ./public/json/MainData.json
Main Callback Reached
All Done!
JSON saved to ./public/json/SortedData.json
Final Callback Reached!
request started
field identified
part received
file part processed
field identified
Upload completed!
Hash Complete
Database Updated
Main Query Started
JSON saved to ./public/json/MainData.json
Main Callback Reached
All Done!
JSON saved to ./public/json/SortedData.json
Final Callback Reached!
request started
field identified
part received
file part processed
field identified
Upload completed!
email saved
Hash Complete
Database Updated
Main Query Started
JSON saved to ./public/json/MainData.json
Main Callback Reached
All Done!
JSON saved to ./public/json/SortedData.json
Final Callback Reached!
request started
field identified
part received
non file part processed
field identified
wrong type of file
Express App listening on port: 3000
request started
part received
file part processed
Upload completed!
Errors Removed
dehash Complete
removal complete
Main Query Started
JSON saved to ./public/json/MainData.json
Main Callback Reached
All Done!
JSON saved to ./public/json/SortedData.json
Final Callback Reached!
request started
field identified
part received
file part processed
field identified
Upload completed!
email saved
Hash Complete
Database Updated
Main Query Started
JSON saved to ./public/json/MainData.json
Main Callback Reached
All Done!
JSON saved to ./public/json/SortedData.json
Final Callback Reached!
Express App listening on port: 3000
request started
part received
file part processed
Upload completed!
Errors Removed
dehash Complete
removal complete
Main Query Started
JSON saved to ./public/json/MainData.json
Main Callback Reached
All Done!
JSON saved to ./public/json/SortedData.json
Final Callback Reached!
request started
field identified
part received
file part processed
field identified
Upload completed!
email saved
Hash Complete
Database Updated
Main Query Started
JSON saved to ./public/json/MainData.json
Main Callback Reached
All Done!
JSON saved to ./public/json/SortedData.json
Final Callback Reached!
Express App listening on port: 3000
email saved
email saved
Express App listening on port: 3000
Express App listening on port: 3000
email saved
request started
field identified
part received
file part processed
field identified
Upload completed!
email saved
Hash Complete
Database Updated
Main Query Started
JSON saved to ./public/json/MainData.json
Main Callback Reached
All Done!
JSON saved to ./public/json/SortedData.json
Final Callback Reached!
Express App listening on port: 3000
email saved
request started
field identified
part received
file part processed
field identified
Upload completed!
email saved
Hash Complete
Database Updated
Main Query Started
JSON saved to ./public/json/MainData.json
Main Callback Reached
All Done!
JSON saved to ./public/json/SortedData.json
Final Callback Reached!
Express App listening on port: 3000
email saved
email saved
email saved
request started
field identified
part received
file part processed
field identified
Upload completed!
email saved
Hash Complete
Database Updated
Main Query Started
JSON saved to ./public/json/MainData.json
Main Callback Reached
All Done!
JSON saved to ./public/json/SortedData.json
Final Callback Reached!
request started
field identified
part received
file part processed
field identified
Upload completed!
email saved
Hash Complete
Database Updated
Main Query Started
JSON saved to ./public/json/MainData.json
Main Callback Reached
All Done!
JSON saved to ./public/json/SortedData.json
Final Callback Reached!
email saved
email saved
email saved
email saved
request started
field identified
part received
file part processed
field identified
Upload completed!
Hash Complete
Database Updated
Main Query Started
JSON saved to ./public/json/MainData.json
Main Callback Reached
All Done!
JSON saved to ./public/json/SortedData.json
Final Callback Reached!
email saved
request started
field identified
part received
file part processed
field identified
Upload completed!
Hash Complete
Database Updated
Main Query Started
JSON saved to ./public/json/MainData.json
Main Callback Reached
All Done!
JSON saved to ./public/json/SortedData.json
Final Callback Reached!
email saved
email saved
request started
field identified
part received
file part processed
field identified
Upload completed!
Hash Complete
Database Updated
Main Query Started
All Done!
JSON saved to ./public/json/SortedData.json
Final Callback Reached!
JSON saved to ./public/json/MainData.json
Main Callback Reached
request started
field identified
part received
file part processed
field identified
Upload completed!
Hash Complete
Database Updated
Main Query Started
JSON saved to ./public/json/MainData.json
Main Callback Reached
All Done!
JSON saved to ./public/json/SortedData.json
Final Callback Reached!
email saved
email saved
request started
field identified
part received
file part processed
field identified
Upload completed!
email saved
Hash Complete
Database Updated
Main Query Started
JSON saved to ./public/json/MainData.json
Main Callback Reached
All Done!
JSON saved to ./public/json/SortedData.json
Final Callback Reached!
email saved
request started
field identified
part received
file part processed
field identified
Upload completed!
email saved
Hash Complete
Database Updated
Main Query Started
JSON saved to ./public/json/MainData.json
Main Callback Reached
All Done!
JSON saved to ./public/json/SortedData.json
Final Callback Reached!
request started
field identified
part received
file part processed
field identified
Upload completed!
email saved
Hash Complete
Database Updated
Main Query Started
JSON saved to ./public/json/MainData.json
Main Callback Reached
All Done!
JSON saved to ./public/json/SortedData.json
Final Callback Reached!
request started
field identified
part received
file part processed
field identified
Upload completed!
Hash Complete
Database Updated
Main Query Started
JSON saved to ./public/json/MainData.json
Main Callback Reached
All Done!
JSON saved to ./public/json/SortedData.json
Final Callback Reached!
email saved
request started
field identified
part received
file part processed
field identified
Upload completed!
email saved
Hash Complete
Database Updated
Main Query Started
JSON saved to ./public/json/MainData.json
Main Callback Reached
All Done!
JSON saved to ./public/json/SortedData.json
Final Callback Reached!
request started
field identified
part received
file part processed
field identified
Upload completed!
Hash Complete
Database Updated
Main Query Started
JSON saved to ./public/json/MainData.json
Main Callback Reached
All Done!
JSON saved to ./public/json/SortedData.json
Final Callback Reached!
email saved
request started
field identified
part received
file part processed
field identified
Upload completed!
email saved
Hash Complete
Database Updated
Main Query Started
JSON saved to ./public/json/MainData.json
Main Callback Reached
All Done!
JSON saved to ./public/json/SortedData.json
Final Callback Reached!
request started
field identified
part received
file part processed
field identified
Upload completed!
Hash Complete
Database Updated
Main Query Started
JSON saved to ./public/json/MainData.json
Main Callback Reached
All Done!
JSON saved to ./public/json/SortedData.json
Final Callback Reached!
request started
field identified
part received
file part processed
field identified
Upload completed!
email saved
Hash Complete
Database Updated
Main Query Started
JSON saved to ./public/json/MainData.json
Main Callback Reached
All Done!
JSON saved to ./public/json/SortedData.json
Final Callback Reached!
request started
field identified
part received
file part processed
field identified
Upload completed!
Hash Complete
Database Updated
Main Query Started
JSON saved to ./public/json/MainData.json
Main Callback Reached
All Done!
JSON saved to ./public/json/SortedData.json
Final Callback Reached!
request started
field identified
part received
file part processed
field identified
Upload completed!
Hash Complete
Database Updated
Main Query Started
JSON saved to ./public/json/MainData.json
Main Callback Reached
There was a problem
request started
field identified
part received
file part processed
field identified
Upload completed!
This already exists
there was a hash error
html2db bypassed
All Done!
JSON saved to ./public/json/SortedData.json
Final Callback Reached!
request started
part received
file part processed
Upload completed!
Errors Removed
dehash Complete
removal complete
Main Query Started
JSON saved to ./public/json/MainData.json
Main Callback Reached
All Done!
JSON saved to ./public/json/SortedData.json
Final Callback Reached!
request started
field identified
part received
file part processed
field identified
Upload completed!
Hash Complete
Database Updated
Main Query Started
JSON saved to ./public/json/MainData.json
Main Callback Reached
All Done!
JSON saved to ./public/json/SortedData.json
Final Callback Reached!
email saved
request started
field identified
part received
non file part processed
field identified
wrong type of file
email saved
email saved
request started
field identified
part received
file part processed
field identified
Upload completed!
email saved
Hash Complete
Database Updated
Main Query Started
JSON saved to ./public/json/MainData.json
Main Callback Reached
All Done!
JSON saved to ./public/json/SortedData.json
Final Callback Reached!
request started
field identified
part received
file part processed
field identified
Upload completed!
email saved
Hash Complete
Database Updated
Main Query Started
JSON saved to ./public/json/MainData.json
Main Callback Reached
All Done!
JSON saved to ./public/json/SortedData.json
Final Callback Reached!
